<?xml version="1.0" encoding="UTF-8"?>
<robot generator="Robot 3.1.2 (Python 3.7.3 on win32)" generated="20200204 10:17:17.897" rpa="false">
<suite id="s1" name="TestSuit1" source="C:\backup_mario\eclipse_new\robot_framework\RobotProject1\Test\TestSuit1.robot">
<kw name="Log" library="BuiltIn" type="setup">
<doc>Logs the given message with the given level.</doc>
<arguments>
<arg>Inizio Test Suite</arg>
</arguments>
<msg timestamp="20200204 10:17:18.117" level="INFO">Inizio Test Suite</msg>
<status status="PASS" starttime="20200204 10:17:18.117" endtime="20200204 10:17:18.117"></status>
</kw>
<test id="s1-t1" name="MyFirstTest">
<kw name="Log" library="BuiltIn" type="setup">
<doc>Logs the given message with the given level.</doc>
<arguments>
<arg>Inizio test</arg>
</arguments>
<msg timestamp="20200204 10:17:18.118" level="INFO">Inizio test</msg>
<status status="PASS" starttime="20200204 10:17:18.118" endtime="20200204 10:17:18.118"></status>
</kw>
<kw name="Log" library="BuiltIn">
<doc>Logs the given message with the given level.</doc>
<arguments>
<arg>Hello World</arg>
</arguments>
<msg timestamp="20200204 10:17:18.118" level="INFO">Hello World</msg>
<status status="PASS" starttime="20200204 10:17:18.118" endtime="20200204 10:17:18.119"></status>
</kw>
<kw name="Log" library="BuiltIn" type="teardown">
<doc>Logs the given message with the given level.</doc>
<arguments>
<arg>Fine test</arg>
</arguments>
<msg timestamp="20200204 10:17:18.119" level="INFO">Fine test</msg>
<status status="PASS" starttime="20200204 10:17:18.119" endtime="20200204 10:17:18.119"></status>
</kw>
<tags>
<tag>smoke</tag>
</tags>
<status status="PASS" starttime="20200204 10:17:18.117" endtime="20200204 10:17:18.120" critical="yes"></status>
</test>
<kw name="Log" library="BuiltIn" type="teardown">
<doc>Logs the given message with the given level.</doc>
<arguments>
<arg>Fine Test Suite</arg>
</arguments>
<msg timestamp="20200204 10:17:18.123" level="INFO">Fine Test Suite</msg>
<status status="PASS" starttime="20200204 10:17:18.122" endtime="20200204 10:17:18.123"></status>
</kw>
<status status="PASS" starttime="20200204 10:17:17.899" endtime="20200204 10:17:18.123"></status>
</suite>
<statistics>
<total>
<stat pass="1" fail="0">Critical Tests</stat>
<stat pass="1" fail="0">All Tests</stat>
</total>
<tag>
<stat pass="1" fail="0">smoke</stat>
</tag>
<suite>
<stat pass="1" fail="0" id="s1" name="TestSuit1">TestSuit1</stat>
</suite>
</statistics>
<errors>
</errors>
</robot>
